0 info it worked if it ends with ok
1 verbose cli [ '/usr/local/bin/node', '/usr/local/bin/npm', 'run', 'cov' ]
2 info using npm@4.1.2
3 info using node@v7.6.0
4 verbose run-script [ 'precov', 'cov', 'postcov' ]
5 info lifecycle o2-project@1.0.0~precov: o2-project@1.0.0
6 silly lifecycle o2-project@1.0.0~precov: no script for precov, continuing
7 info lifecycle o2-project@1.0.0~cov: o2-project@1.0.0
8 verbose lifecycle o2-project@1.0.0~cov: unsafe-perm in lifecycle true
9 verbose lifecycle o2-project@1.0.0~cov: PATH: /usr/local/lib/node_modules/npm/bin/node-gyp-bin:/home/alaa/Desktop/new-o2/node_modules/.bin:/home/alaa/bin:/home/alaa/.local/bin:/usr/local/sbin:/usr/local/bin:/usr/sbin:/usr/bin:/sbin:/bin:/usr/games:/usr/local/games:/snap/bin
10 verbose lifecycle o2-project@1.0.0~cov: CWD: /home/alaa/Desktop/new-o2
11 silly lifecycle o2-project@1.0.0~cov: Args: [ '-c', 'istanbul cover tests/main.test.js' ]
12 silly lifecycle o2-project@1.0.0~cov: Returned: code: 1  signal: null
13 info lifecycle o2-project@1.0.0~cov: Failed to exec cov script
14 verbose stack Error: o2-project@1.0.0 cov: `istanbul cover tests/main.test.js`
14 verbose stack Exit status 1
14 verbose stack     at EventEmitter.<anonymous> (/usr/local/lib/node_modules/npm/lib/utils/lifecycle.js:279:16)
14 verbose stack     at emitTwo (events.js:106:13)
14 verbose stack     at EventEmitter.emit (events.js:192:7)
14 verbose stack     at ChildProcess.<anonymous> (/usr/local/lib/node_modules/npm/lib/utils/spawn.js:40:14)
14 verbose stack     at emitTwo (events.js:106:13)
14 verbose stack     at ChildProcess.emit (events.js:192:7)
14 verbose stack     at maybeClose (internal/child_process.js:890:16)
14 verbose stack     at Process.ChildProcess._handle.onexit (internal/child_process.js:226:5)
15 verbose pkgid o2-project@1.0.0
16 verbose cwd /home/alaa/Desktop/new-o2
17 error Linux 4.8.0-39-generic
18 error argv "/usr/local/bin/node" "/usr/local/bin/npm" "run" "cov"
19 error node v7.6.0
20 error npm  v4.1.2
21 error code ELIFECYCLE
22 error o2-project@1.0.0 cov: `istanbul cover tests/main.test.js`
22 error Exit status 1
23 error Failed at the o2-project@1.0.0 cov script 'istanbul cover tests/main.test.js'.
23 error Make sure you have the latest version of node.js and npm installed.
23 error If you do, this is most likely a problem with the o2-project package,
23 error not with npm itself.
23 error Tell the author that this fails on your system:
23 error     istanbul cover tests/main.test.js
23 error You can get information on how to open an issue for this project with:
23 error     npm bugs o2-project
23 error Or if that isn't available, you can get their info via:
23 error     npm owner ls o2-project
23 error There is likely additional logging output above.
24 verbose exit [ 1, true ]
